2025-02-18 12:33:28,844 - INFO - News scraper started.
2025-02-18 12:33:28,845 - INFO - SQLLite database initialized
2025-02-18 12:34:00,509 - INFO - News scraper started.
2025-02-18 12:34:00,510 - INFO - SQLLite database initialized
2025-02-18 12:34:13,439 - INFO - Scraping data from MYNET : interval 2025-02-18
2025-02-18 12:34:18,984 - INFO - Query executed :[SELECT title,content,date_time,source,news_url FROM news WHERE source = 'MYNET' ORDER BY date_time DESC LIMIT 1;] - 1 news fetched
2025-02-18 12:34:18,984 - INFO - --------------------------------------------------
2025-02-18 12:34:18,984 - INFO - Last news in the database for MYNET : 2025-02-18 14:15:13
2025-02-18 12:34:18,984 - INFO - --------------------------------------------------
2025-02-18 12:34:18,984 - INFO - --------------------------------------------------
2025-02-18 12:34:18,984 - INFO - Scraped 1 news from MYNET
2025-02-18 12:34:18,984 - INFO - --------------------------------------------------
2025-02-18 12:34:18,984 - ERROR - An error occurred while saving news to the database: UNIQUE constraint failed: news.news_url
2025-02-18 12:34:18,984 - INFO - Trying to save each news one by one...
2025-02-18 12:34:18,984 - INFO - 1/1
2025-02-18 12:34:18,984 - ERROR - An error occurred while saving news to the database: UNIQUE constraint failed: news.news_url
2025-02-18 12:34:18,984 - INFO - Scraping data from KAP : interval 2025-02-18
2025-02-18 12:34:19,983 - INFO - Query executed :[SELECT title,content,date_time,source,news_url FROM news WHERE source = 'KAP' ORDER BY date_time DESC LIMIT 1;] - 1 news fetched
2025-02-18 12:34:19,984 - INFO - --------------------------------------------------
2025-02-18 12:34:19,984 - INFO - Last news in the database for KAP : 2025-02-18 12:21:00
2025-02-18 12:34:19,984 - INFO - --------------------------------------------------
2025-02-18 12:34:19,984 - INFO - --------------------------------------------------
2025-02-18 12:34:19,984 - INFO - Scraped 1 news from KAP
2025-02-18 12:34:19,984 - INFO - --------------------------------------------------
2025-02-18 12:34:19,984 - ERROR - An error occurred while saving news to the database: UNIQUE constraint failed: news.news_url
2025-02-18 12:34:19,984 - INFO - Trying to save each news one by one...
2025-02-18 12:34:19,984 - INFO - 1/1
2025-02-18 12:34:19,984 - ERROR - An error occurred while saving news to the database: UNIQUE constraint failed: news.news_url
2025-02-18 12:34:19,984 - INFO - Scraping data from BIGPARA : interval 2025-02-18
2025-02-18 12:35:12,695 - INFO - Query executed :[SELECT title,content,date_time,source,news_url FROM news WHERE source = 'BIGPARA' ORDER BY date_time DESC LIMIT 1;] - 1 news fetched
2025-02-18 12:35:12,695 - INFO - --------------------------------------------------
2025-02-18 12:35:12,695 - INFO - Last news in the database for BIGPARA : 2025-02-18 14:23:00
2025-02-18 12:35:12,695 - INFO - --------------------------------------------------
2025-02-18 12:35:12,696 - INFO - --------------------------------------------------
2025-02-18 12:35:12,696 - INFO - Scraped 1 news from BIGPARA
2025-02-18 12:35:12,696 - INFO - --------------------------------------------------
2025-02-18 12:35:12,696 - ERROR - An error occurred while saving news to the database: UNIQUE constraint failed: news.news_url
2025-02-18 12:35:12,696 - INFO - Trying to save each news one by one...
2025-02-18 12:35:12,696 - INFO - 1/1
2025-02-18 12:35:12,696 - ERROR - An error occurred while saving news to the database: UNIQUE constraint failed: news.news_url
2025-02-18 12:35:12,696 - INFO - --------------------------------------------------
2025-02-18 12:35:12,696 - INFO - Scraped total 3 news articles.
2025-02-18 12:35:12,696 - INFO - --------------------------------------------------
